Flow report for Lab1
Thu Sep 23 17:24:31 2021
Quartus Prime Version 20.1.1 Build 720 11/11/2020 SJ Standard Edition


---------------------
; Table of Contents ;
---------------------
  1. Legal Notice
  2. Flow Summary
  3. Flow Settings
  4. Flow Non-Default Global Settings
  5. Flow Elapsed Time
  6. Flow OS Summary
  7. Flow Log
  8. Flow Messages
  9. Flow Suppressed Messages



----------------
; Legal Notice ;
----------------
Copyright (C) 2020  Intel Corporation. All rights reserved.
Your use of Intel Corporation's design tools, logic functions 
and other software and tools, and any partner logic 
functions, and any output files from any of the foregoing 
(including device programming or simulation files), and any 
associated documentation or information are expressly subject 
to the terms and conditions of the Intel Program License 
Subscription Agreement, the Intel Quartus Prime License Agreement,
the Intel FPGA IP License Agreement, or other applicable license
agreement, including, without limitation, that your use is for
the sole purpose of programming logic devices manufactured by
Intel and sold by Intel or its authorized distributors.  Please
refer to the applicable agreement for further details, at
https://fpgasoftware.intel.com/eula.



+--------------------------------------------------------------------------------------+
; Flow Summary                                                                         ;
+------------------------------------+-------------------------------------------------+
; Flow Status                        ; Successful - Thu Sep 23 17:24:31 2021           ;
; Quartus Prime Version              ; 20.1.1 Build 720 11/11/2020 SJ Standard Edition ;
; Revision Name                      ; Lab1                                            ;
; Top-level Entity Name              ; parity_conventional                             ;
; Family                             ; Cyclone IV E                                    ;
; Device                             ; EP4CE115F29C7                                   ;
; Timing Models                      ; Final                                           ;
; Total logic elements               ; 8 / 114,480 ( < 1 % )                           ;
;     Total combinational functions  ; 8 / 114,480 ( < 1 % )                           ;
;     Dedicated logic registers      ; 0 / 114,480 ( 0 % )                             ;
; Total registers                    ; 0                                               ;
; Total pins                         ; 8 / 529 ( 2 % )                                 ;
; Total virtual pins                 ; 0                                               ;
; Total memory bits                  ; 0 / 3,981,312 ( 0 % )                           ;
; Embedded Multiplier 9-bit elements ; 0 / 532 ( 0 % )                                 ;
; Total PLLs                         ; 0 / 4 ( 0 % )                                   ;
+------------------------------------+-------------------------------------------------+


+-----------------------------------------+
; Flow Settings                           ;
+-------------------+---------------------+
; Option            ; Setting             ;
+-------------------+---------------------+
; Start date & time ; 09/23/2021 17:24:15 ;
; Main task         ; Compilation         ;
; Revision Name     ; Lab1                ;
+-------------------+---------------------+


+------------------------------------------------------------------------------------------------------------------------------------------------------------+
; Flow Non-Default Global Settings                                                                                                                           ;
+-----------------------------------------+----------------------------------------+---------------+---------------------+-----------------------------------+
; Assignment Name                         ; Value                                  ; Default Value ; Entity Name         ; Section Id                        ;
+-----------------------------------------+----------------------------------------+---------------+---------------------+-----------------------------------+
; ALM_REGISTER_PACKING_EFFORT             ; High                                   ; Medium        ; --                  ; --                                ;
; COMPILER_SIGNATURE_ID                   ; 345046515776.163243945543798           ; --            ; --                  ; --                                ;
; EDA_GENERATE_FUNCTIONAL_NETLIST         ; Off                                    ; --            ; --                  ; eda_board_design_timing           ;
; EDA_GENERATE_FUNCTIONAL_NETLIST         ; Off                                    ; --            ; --                  ; eda_board_design_boundary_scan    ;
; EDA_GENERATE_FUNCTIONAL_NETLIST         ; Off                                    ; --            ; --                  ; eda_board_design_signal_integrity ;
; EDA_GENERATE_FUNCTIONAL_NETLIST         ; Off                                    ; --            ; --                  ; eda_board_design_symbol           ;
; EDA_OUTPUT_DATA_FORMAT                  ; Verilog Hdl                            ; --            ; --                  ; eda_simulation                    ;
; EDA_SIMULATION_TOOL                     ; ModelSim-Altera (Verilog)              ; <None>        ; --                  ; --                                ;
; EDA_TIME_SCALE                          ; 1 ps                                   ; --            ; --                  ; eda_simulation                    ;
; MAX_CORE_JUNCTION_TEMP                  ; 85                                     ; --            ; --                  ; --                                ;
; MIN_CORE_JUNCTION_TEMP                  ; 0                                      ; --            ; --                  ; --                                ;
; NOMINAL_CORE_SUPPLY_VOLTAGE             ; 1.2V                                   ; --            ; --                  ; --                                ;
; OPTIMIZATION_MODE                       ; Aggressive Area                        ; Balanced      ; --                  ; --                                ;
; PARTITION_COLOR                         ; -- (Not supported for targeted family) ; --            ; parity_conventional ; Top                               ;
; PARTITION_FITTER_PRESERVATION_LEVEL     ; -- (Not supported for targeted family) ; --            ; parity_conventional ; Top                               ;
; PARTITION_NETLIST_TYPE                  ; -- (Not supported for targeted family) ; --            ; parity_conventional ; Top                               ;
; PHYSICAL_SYNTHESIS_COMBO_LOGIC_FOR_AREA ; On                                     ; Off           ; --                  ; --                                ;
; POWER_BOARD_THERMAL_MODEL               ; None (CONSERVATIVE)                    ; --            ; --                  ; --                                ;
; POWER_PRESET_COOLING_SOLUTION           ; 23 MM HEAT SINK WITH 200 LFPM AIRFLOW  ; --            ; --                  ; --                                ;
; PROJECT_OUTPUT_DIRECTORY                ; output_files                           ; --            ; --                  ; --                                ;
; TOP_LEVEL_ENTITY                        ; parity_conventional                    ; Lab1          ; --                  ; --                                ;
+-----------------------------------------+----------------------------------------+---------------+---------------------+-----------------------------------+


+--------------------------------------------------------------------------------------------------------------------------+
; Flow Elapsed Time                                                                                                        ;
+----------------------+--------------+-------------------------+---------------------+------------------------------------+
; Module Name          ; Elapsed Time ; Average Processors Used ; Peak Virtual Memory ; Total CPU Time (on all processors) ;
+----------------------+--------------+-------------------------+---------------------+------------------------------------+
; Analysis & Synthesis ; 00:00:05     ; 1.0                     ; 689 MB              ; 00:00:15                           ;
; Fitter               ; 00:00:06     ; 1.0                     ; 1716 MB             ; 00:00:10                           ;
; Assembler            ; 00:00:02     ; 1.0                     ; 622 MB              ; 00:00:02                           ;
; Timing Analyzer      ; 00:00:01     ; 1.0                     ; 848 MB              ; 00:00:01                           ;
; EDA Netlist Writer   ; 00:00:00     ; 1.0                     ; 870 MB              ; 00:00:00                           ;
; Total                ; 00:00:14     ; --                      ; --                  ; 00:00:28                           ;
+----------------------+--------------+-------------------------+---------------------+------------------------------------+


+---------------------------------------------------------------------------------+
; Flow OS Summary                                                                 ;
+----------------------+------------------+---------+------------+----------------+
; Module Name          ; Machine Hostname ; OS Name ; OS Version ; Processor type ;
+----------------------+------------------+---------+------------+----------------+
; Analysis & Synthesis ; engr-tau-16L     ; Red Hat ; Red Hat    ; x86_64         ;
; Fitter               ; engr-tau-16L     ; Red Hat ; Red Hat    ; x86_64         ;
; Assembler            ; engr-tau-16L     ; Red Hat ; Red Hat    ; x86_64         ;
; Timing Analyzer      ; engr-tau-16L     ; Red Hat ; Red Hat    ; x86_64         ;
; EDA Netlist Writer   ; engr-tau-16L     ; Red Hat ; Red Hat    ; x86_64         ;
+----------------------+------------------+---------+------------+----------------+


------------
; Flow Log ;
------------
quartus_map --read_settings_files=on --write_settings_files=off Lab1 -c Lab1
quartus_fit --read_settings_files=off --write_settings_files=off Lab1 -c Lab1
quartus_asm --read_settings_files=off --write_settings_files=off Lab1 -c Lab1
quartus_sta Lab1 -c Lab1
quartus_eda --read_settings_files=off --write_settings_files=off Lab1 -c Lab1



